Using pre-set license
Built from '2021.3/staging' branch; Version is '2021.3.18f1 (3129e69bc0c7) revision 3221990'; Using compiler version '192829333'; Build Type 'Release'
OS: 'Windows 10  (10.0.19044) 64bit Core' Language: 'en' Physical Memory: 32438 MB
BatchMode: 1, IsHumanControllingUs: 0, StartBugReporterOnCrash: 0, Is64bit: 1, IsPro: 1

COMMAND LINE ARGUMENTS:
C:\Program Files\Unity\Hub\Editor\2021.3.18f1\Editor\Unity.exe
-adb2
-batchMode
-noUpm
-name
AssetImportWorker2
-projectPath
D:/Work/GitHub/SorinsHackathon/Hackathon
-logFile
Logs/AssetImportWorker2.log
-srvPort
21739
Successfully changed project path to: D:/Work/GitHub/SorinsHackathon/Hackathon
D:/Work/GitHub/SorinsHackathon/Hackathon
[UnityMemory] Configuration Parameters - Can be set up in boot.config
    "memorysetup-bucket-allocator-granularity=16"
    "memorysetup-bucket-allocator-bucket-count=8"
    "memorysetup-bucket-allocator-block-size=33554432"
    "memorysetup-bucket-allocator-block-count=8"
    "memorysetup-main-allocator-block-size=16777216"
    "memorysetup-thread-allocator-block-size=16777216"
    "memorysetup-gfx-main-allocator-block-size=16777216"
    "memorysetup-gfx-thread-allocator-block-size=16777216"
    "memorysetup-cache-allocator-block-size=4194304"
    "memorysetup-typetree-allocator-block-size=2097152"
    "memorysetup-profiler-bucket-allocator-granularity=16"
    "memorysetup-profiler-bucket-allocator-bucket-count=8"
    "memorysetup-profiler-bucket-allocator-block-size=33554432"
    "memorysetup-profiler-bucket-allocator-block-count=8"
    "memorysetup-profiler-allocator-block-size=16777216"
    "memorysetup-profiler-editor-allocator-block-size=1048576"
    "memorysetup-temp-allocator-size-main=16777216"
    "memorysetup-job-temp-allocator-block-size=2097152"
    "memorysetup-job-temp-allocator-block-size-background=1048576"
    "memorysetup-job-temp-allocator-reduction-small-platforms=262144"
    "memorysetup-temp-allocator-size-background-worker=32768"
    "memorysetup-temp-allocator-size-job-worker=262144"
    "memorysetup-temp-allocator-size-preload-manager=33554432"
    "memorysetup-temp-allocator-size-nav-mesh-worker=65536"
    "memorysetup-temp-allocator-size-audio-worker=65536"
    "memorysetup-temp-allocator-size-cloud-worker=32768"
    "memorysetup-temp-allocator-size-gi-baking-worker=262144"
    "memorysetup-temp-allocator-size-gfx=262144"
Player connection [23028] Host "[IP] 192.168.1.254 [Port] 0 [Flags] 2 [Guid] 133724633 [EditorId] 133724633 [Version] 1048832 [Id] WindowsEditor(7,FlashKaPC) [Debug] 1 [PackageName] WindowsEditor [ProjectName] Editor" joined multi-casting on [225.0.0.222:54997]...

Player connection [23028] Host "[IP] 192.168.1.254 [Port] 0 [Flags] 2 [Guid] 133724633 [EditorId] 133724633 [Version] 1048832 [Id] WindowsEditor(7,FlashKaPC) [Debug] 1 [PackageName] WindowsEditor [ProjectName] Editor" joined alternative multi-casting on [225.0.0.222:34997]...

Refreshing native plugins compatible for Editor in 142.66 ms, found 12 plugins.
Preloading 1 native plugins for Editor in 0.73 ms.
Initialize engine version: 2021.3.18f1 (3129e69bc0c7)
[Subsystems] Discovering subsystems at path C:/Program Files/Unity/Hub/Editor/2021.3.18f1/Editor/Data/Resources/UnitySubsystems
[Subsystems] Discovering subsystems at path D:/Work/GitHub/SorinsHackathon/Hackathon/Assets
GfxDevice: creating device client; threaded=0; jobified=0
Direct3D:
    Version:  Direct3D 11.0 [level 11.1]
    Renderer: NVIDIA GeForce RTX 3060 Ti (ID=0x2489)
    Vendor:   NVIDIA
    VRAM:     8038 MB
    Driver:   31.0.15.3742
Initialize mono
Mono path[0] = 'C:/Program Files/Unity/Hub/Editor/2021.3.18f1/Editor/Data/Managed'
Mono path[1] = 'C:/Program Files/Unity/Hub/Editor/2021.3.18f1/Editor/Data/MonoBleedingEdge/lib/mono/unityjit-win32'
Mono config path = 'C:/Program Files/Unity/Hub/Editor/2021.3.18f1/Editor/Data/MonoBleedingEdge/etc'
Using monoOptions --debugger-agent=transport=dt_socket,embedding=1,server=y,suspend=n,address=127.0.0.1:56384
Begin MonoManager ReloadAssembly
Registering precompiled unity dll's ...
Register platform support module: C:/Program Files/Unity/Hub/Editor/2021.3.18f1/Editor/Data/PlaybackEngines/WindowsStandaloneSupport/UnityEditor.WindowsStandalone.Extensions.dll
Registered in 0.038180 seconds.
Native extension for WindowsStandalone target not found
Refreshing native plugins compatible for Editor in 118.41 ms, found 12 plugins.
Preloading 1 native plugins for Editor in 0.05 ms.
Mono: successfully reloaded assembly
- Completed reload, in  0.937 seconds
Domain Reload Profiling:
	ReloadAssembly (937ms)
		BeginReloadAssembly (151ms)
			ExecutionOrderSort (0ms)
			DisableScriptedObjects (0ms)
			BackupInstance (0ms)
			ReleaseScriptingObjects (0ms)
			CreateAndSetChildDomain (1ms)
		EndReloadAssembly (567ms)
			LoadAssemblies (142ms)
			RebuildTransferFunctionScriptingTraits (0ms)
			SetupTypeCache (131ms)
			ReleaseScriptCaches (0ms)
			RebuildScriptCaches (33ms)
			SetupLoadedEditorAssemblies (324ms)
				LogAssemblyErrors (0ms)
				InitializePlatformSupportModulesInManaged (18ms)
				SetLoadedEditorAssemblies (0ms)
				RefreshPlugins (119ms)
				BeforeProcessingInitializeOnLoad (1ms)
				ProcessInitializeOnLoadAttributes (143ms)
				ProcessInitializeOnLoadMethodAttributes (43ms)
				AfterProcessingInitializeOnLoad (0ms)
				EditorAssembliesLoaded (0ms)
			ExecutionOrderSort2 (0ms)
			AwakeInstancesAfterBackupRestoration (0ms)
Platform modules already initialized, skipping
Registering precompiled user dll's ...
Registered in 0.010071 seconds.
Begin MonoManager ReloadAssembly
Symbol file LoadedFromMemory doesn't match image D:\Work\GitHub\SorinsHackathon\Hackathon\Library\PackageCache\com.unity.visualscripting@1.8.0\Editor\VisualScripting.Core\Dependencies\DotNetZip\Unity.VisualScripting.IonicZip.dll
Symbol file LoadedFromMemory doesn't match image D:\Work\GitHub\SorinsHackathon\Hackathon\Library\PackageCache\com.unity.visualscripting@1.8.0\Editor\VisualScripting.Core\Dependencies\YamlDotNet\Unity.VisualScripting.YamlDotNet.dll
Native extension for WindowsStandalone target not found
Refreshing native plugins compatible for Editor in 87.03 ms, found 12 plugins.
Preloading 1 native plugins for Editor in 0.04 ms.
Package Manager log level set to [2]
System.Reflection.TargetInvocationException: Exception has been thrown by the target of an invocation. ---> System.NullReferenceException: Object reference not set to an instance of an object
  at Unity.XR.Oculus.OculusLoader.AssetPathToAbsolutePath (System.String assetPath) [0x00041] in D:\Work\GitHub\SorinsHackathon\Hackathon\Library\PackageCache\com.unity.xr.oculus@3.2.2\Runtime\OculusLoader.cs:296 
  at Unity.XR.Oculus.OculusLoader.EditorLoadOVRPlugin () [0x000b0] in D:\Work\GitHub\SorinsHackathon\Hackathon\Library\PackageCache\com.unity.xr.oculus@3.2.2\Runtime\OculusLoader.cs:281 
  at (wrapper managed-to-native) System.Reflection.RuntimeMethodInfo.InternalInvoke(System.Reflection.RuntimeMethodInfo,object,object[],System.Exception&)
  at System.Reflection.RuntimeMethodInfo.Invoke (System.Object obj, System.Reflection.BindingFlags invokeAttr, System.Reflection.Binder binder, System.Object[] parameters, System.Globalization.CultureInfo culture) [0x0006a] in <1f66344f2f89470293d8b67d71308c07>:0 
   --- End of inner exception stack trace ---
  at System.Reflection.RuntimeMethodInfo.Invoke (System.Object obj, System.Reflection.BindingFlags invokeAttr, System.Reflection.Binder binder, System.Object[] parameters, System.Globalization.CultureInfo culture) [0x00083] in <1f66344f2f89470293d8b67d71308c07>:0 
  at System.Reflection.MethodBase.Invoke (System.Object obj, System.Object[] parameters) [0x00000] in <1f66344f2f89470293d8b67d71308c07>:0 
  at UnityEditor.EditorAssemblies.ProcessInitializeOnLoadMethodAttributes () [0x000a5] in <42a64fd733d9417da1ea3a757ad9a96d>:0 
UnityEngine.StackTraceUtility:ExtractStackTrace ()
UnityEngine.DebugLogHandler:LogFormat (UnityEngine.LogType,UnityEngine.Object,string,object[])
UnityEngine.Logger:Log (UnityEngine.LogType,object)
UnityEngine.Debug:LogError (object)
UnityEditor.EditorAssemblies:ProcessInitializeOnLoadMethodAttributes ()

Mono: successfully reloaded assembly
- Completed reload, in  1.369 seconds
Domain Reload Profiling:
	ReloadAssembly (1370ms)
		BeginReloadAssembly (163ms)
			ExecutionOrderSort (0ms)
			DisableScriptedObjects (6ms)
			BackupInstance (0ms)
			ReleaseScriptingObjects (0ms)
			CreateAndSetChildDomain (18ms)
		EndReloadAssembly (1070ms)
			LoadAssemblies (143ms)
			RebuildTransferFunctionScriptingTraits (0ms)
			SetupTypeCache (272ms)
			ReleaseScriptCaches (1ms)
			RebuildScriptCaches (58ms)
			SetupLoadedEditorAssemblies (597ms)
				LogAssemblyErrors (0ms)
				InitializePlatformSupportModulesInManaged (11ms)
				SetLoadedEditorAssemblies (0ms)
				RefreshPlugins (87ms)
				BeforeProcessingInitializeOnLoad (114ms)
				ProcessInitializeOnLoadAttributes (325ms)
				ProcessInitializeOnLoadMethodAttributes (29ms)
				AfterProcessingInitializeOnLoad (30ms)
				EditorAssembliesLoaded (0ms)
			ExecutionOrderSort2 (0ms)
			AwakeInstancesAfterBackupRestoration (6ms)
Platform modules already initialized, skipping
========================================================================
Worker process is ready to serve import requests
Launched and connected shader compiler UnityShaderCompiler.exe after 0.07 seconds
Refreshing native plugins compatible for Editor in 1.33 ms, found 12 plugins.
Preloading 1 native plugins for Editor in 0.07 ms.
Unloading 3975 Unused Serialized files (Serialized files now loaded: 0)
Unloading 66 unused Assets / (185.5 KB). Loaded Objects now: 4414.
Memory consumption went from 143.9 MB to 143.7 MB.
Total: 3.863100 ms (FindLiveObjects: 0.338400 ms CreateObjectMapping: 0.348900 ms MarkObjects: 3.038900 ms  DeleteObjects: 0.136000 ms)

AssetImportParameters requested are different than current active one (requested -> active):
  custom:video-decoder-ogg-theora: a1e56fd34408186e4bbccfd4996cb3dc -> 
  custom:container-muxer-webm: aa71ff27fc2769a1b78a27578f13a17b -> 
  custom:container-demuxer-webm: 4f35f7cbe854078d1ac9338744f61a02 -> 
  custom:video-encoder-webm-vp8: eb34c28f22e8b96e1ab97ce403110664 -> 
  custom:audio-encoder-webm-vorbis: bf7c407c2cedff20999df2af8eb42d56 -> 
  custom:framework-win-MediaFoundation: 216162199b28c13a410421893ffa2e32 -> 
  custom:container-demuxer-ogg: 62fdf1f143b41e24485cea50d1cbac27 -> 
  custom:video-decoder-webm-vp8: 9c59270c3fd7afecdb556c50c9e8de78 -> 
  custom:audio-decoder-ogg-vorbis: bf7c407c2cedff20999df2af8eb42d56 -> 
========================================================================
Received Import Request.
  Time since last request: 415420.837304 seconds.
  path: Assets/Sorin Models
  artifactKey: Guid(113bb1914a44e4949883297cce80e5c1) Importer(815301076,1909f56bfc062723c751e8b465ee728b)
Start importing Assets/Sorin Models using Guid(113bb1914a44e4949883297cce80e5c1) Importer(815301076,1909f56bfc062723c751e8b465ee728b)  -> (artifact id: '27ce21a03cc27f5a79fd98d06bc866c1') in 0.010263 seconds 
========================================================================
Received Import Request.
  Time since last request: 0.050966 seconds.
  path: Assets/Sorin Models/TriggerBox.prefab
  artifactKey: Guid(1b29751db2fddf84c8aa72e226075a8f) Importer(815301076,1909f56bfc062723c751e8b465ee728b)
Start importing Assets/Sorin Models/TriggerBox.prefab using Guid(1b29751db2fddf84c8aa72e226075a8f) Importer(815301076,1909f56bfc062723c751e8b465ee728b)  -> (artifact id: 'ad24a2de7a1f6c7a43bc689c0880aede') in 0.060064 seconds 
========================================================================
Received Import Request.
  Time since last request: 26.354331 seconds.
  path: Assets/Sorin Models/CamToTV.renderTexture
  artifactKey: Guid(d68ecbe859c31e341a66f740c2ba399d) Importer(815301076,1909f56bfc062723c751e8b465ee728b)
Start importing Assets/Sorin Models/CamToTV.renderTexture using Guid(d68ecbe859c31e341a66f740c2ba399d) Importer(815301076,1909f56bfc062723c751e8b465ee728b)  -> (artifact id: 'b99434d0febcbacc52d7f09f677de6a7') in 0.056464 seconds 
========================================================================
Received Import Request.
  Time since last request: 11.664810 seconds.
  path: Assets/Sorin Models/TV
  artifactKey: Guid(07052437a97b67a4782be2bccf6d69ff) Importer(815301076,1909f56bfc062723c751e8b465ee728b)
Start importing Assets/Sorin Models/TV using Guid(07052437a97b67a4782be2bccf6d69ff) Importer(815301076,1909f56bfc062723c751e8b465ee728b)  -> (artifact id: '5c21c7a7a32d47598e8ce401a930e5d4') in 0.004095 seconds 
========================================================================
Received Import Request.
  Time since last request: 419.402438 seconds.
  path: Assets/Sorin Models/TV/big_screen.prefab
  artifactKey: Guid(1d0523bccd80b0042aa3e0d014600bf3) Importer(815301076,1909f56bfc062723c751e8b465ee728b)
Start importing Assets/Sorin Models/TV/big_screen.prefab using Guid(1d0523bccd80b0042aa3e0d014600bf3) Importer(815301076,1909f56bfc062723c751e8b465ee728b)  -> (artifact id: '8e8500c146ab5d7d8e5177ed692dba28') in 0.090893 seconds 
========================================================================
Received Prepare
Registering precompiled user dll's ...
Registered in 0.013933 seconds.
Begin MonoManager ReloadAssembly
Symbol file LoadedFromMemory doesn't match image D:\Work\GitHub\SorinsHackathon\Hackathon\Library\PackageCache\com.unity.visualscripting@1.8.0\Editor\VisualScripting.Core\Dependencies\DotNetZip\Unity.VisualScripting.IonicZip.dll
Symbol file LoadedFromMemory doesn't match image D:\Work\GitHub\SorinsHackathon\Hackathon\Library\PackageCache\com.unity.visualscripting@1.8.0\Editor\VisualScripting.Core\Dependencies\YamlDotNet\Unity.VisualScripting.YamlDotNet.dll
Native extension for WindowsStandalone target not found
Refreshing native plugins compatible for Editor in 0.79 ms, found 12 plugins.
Preloading 1 native plugins for Editor in 0.06 ms.
System.Reflection.TargetInvocationException: Exception has been thrown by the target of an invocation. ---> System.NullReferenceException: Object reference not set to an instance of an object
  at Unity.XR.Oculus.OculusLoader.AssetPathToAbsolutePath (System.String assetPath) [0x00041] in D:\Work\GitHub\SorinsHackathon\Hackathon\Library\PackageCache\com.unity.xr.oculus@3.2.2\Runtime\OculusLoader.cs:296 
  at Unity.XR.Oculus.OculusLoader.EditorLoadOVRPlugin () [0x000b0] in D:\Work\GitHub\SorinsHackathon\Hackathon\Library\PackageCache\com.unity.xr.oculus@3.2.2\Runtime\OculusLoader.cs:281 
  at (wrapper managed-to-native) System.Reflection.RuntimeMethodInfo.InternalInvoke(System.Reflection.RuntimeMethodInfo,object,object[],System.Exception&)
  at System.Reflection.RuntimeMethodInfo.Invoke (System.Object obj, System.Reflection.BindingFlags invokeAttr, System.Reflection.Binder binder, System.Object[] parameters, System.Globalization.CultureInfo culture) [0x0006a] in <1f66344f2f89470293d8b67d71308c07>:0 
   --- End of inner exception stack trace ---
  at System.Reflection.RuntimeMethodInfo.Invoke (System.Object obj, System.Reflection.BindingFlags invokeAttr, System.Reflection.Binder binder, System.Object[] parameters, System.Globalization.CultureInfo culture) [0x00083] in <1f66344f2f89470293d8b67d71308c07>:0 
  at System.Reflection.MethodBase.Invoke (System.Object obj, System.Object[] parameters) [0x00000] in <1f66344f2f89470293d8b67d71308c07>:0 
  at UnityEditor.EditorAssemblies.ProcessInitializeOnLoadMethodAttributes () [0x000a5] in <42a64fd733d9417da1ea3a757ad9a96d>:0 
UnityEngine.StackTraceUtility:ExtractStackTrace ()
UnityEngine.DebugLogHandler:LogFormat (UnityEngine.LogType,UnityEngine.Object,string,object[])
UnityEngine.Logger:Log (UnityEngine.LogType,object)
UnityEngine.Debug:LogError (object)
UnityEditor.EditorAssemblies:ProcessInitializeOnLoadMethodAttributes ()

Mono: successfully reloaded assembly
- Completed reload, in  1.395 seconds
Domain Reload Profiling:
	ReloadAssembly (1395ms)
		BeginReloadAssembly (230ms)
			ExecutionOrderSort (0ms)
			DisableScriptedObjects (6ms)
			BackupInstance (0ms)
			ReleaseScriptingObjects (0ms)
			CreateAndSetChildDomain (46ms)
		EndReloadAssembly (1024ms)
			LoadAssemblies (173ms)
			RebuildTransferFunctionScriptingTraits (0ms)
			SetupTypeCache (285ms)
			ReleaseScriptCaches (1ms)
			RebuildScriptCaches (52ms)
			SetupLoadedEditorAssemblies (518ms)
				LogAssemblyErrors (0ms)
				InitializePlatformSupportModulesInManaged (21ms)
				SetLoadedEditorAssemblies (0ms)
				RefreshPlugins (1ms)
				BeforeProcessingInitializeOnLoad (105ms)
				ProcessInitializeOnLoadAttributes (316ms)
				ProcessInitializeOnLoadMethodAttributes (37ms)
				AfterProcessingInitializeOnLoad (38ms)
				EditorAssembliesLoaded (0ms)
			ExecutionOrderSort2 (0ms)
			AwakeInstancesAfterBackupRestoration (7ms)
Platform modules already initialized, skipping
Refreshing native plugins compatible for Editor in 6.95 ms, found 12 plugins.
Preloading 1 native plugins for Editor in 0.06 ms.
Unloading 3940 Unused Serialized files (Serialized files now loaded: 0)
Unloading 44 unused Assets / (152.1 KB). Loaded Objects now: 4442.
Memory consumption went from 146.1 MB to 146.0 MB.
Total: 2.946400 ms (FindLiveObjects: 0.274700 ms CreateObjectMapping: 0.197700 ms MarkObjects: 2.383900 ms  DeleteObjects: 0.089300 ms)

AssetImportParameters requested are different than current active one (requested -> active):
  custom:video-decoder-ogg-theora: a1e56fd34408186e4bbccfd4996cb3dc -> 
  custom:container-muxer-webm: aa71ff27fc2769a1b78a27578f13a17b -> 
  custom:container-demuxer-webm: 4f35f7cbe854078d1ac9338744f61a02 -> 
  custom:video-encoder-webm-vp8: eb34c28f22e8b96e1ab97ce403110664 -> 
  custom:audio-encoder-webm-vorbis: bf7c407c2cedff20999df2af8eb42d56 -> 
  custom:framework-win-MediaFoundation: 216162199b28c13a410421893ffa2e32 -> 
  custom:container-demuxer-ogg: 62fdf1f143b41e24485cea50d1cbac27 -> 
  custom:video-decoder-webm-vp8: 9c59270c3fd7afecdb556c50c9e8de78 -> 
  custom:audio-decoder-ogg-vorbis: bf7c407c2cedff20999df2af8eb42d56 -> 
========================================================================
Received Import Request.
  Time since last request: 995.131102 seconds.
  path: Assets/Sorin Models/TV/big_screen.prefab
  artifactKey: Guid(1d0523bccd80b0042aa3e0d014600bf3) Importer(815301076,1909f56bfc062723c751e8b465ee728b)
Start importing Assets/Sorin Models/TV/big_screen.prefab using Guid(1d0523bccd80b0042aa3e0d014600bf3) Importer(815301076,1909f56bfc062723c751e8b465ee728b)  -> (artifact id: 'ba1122d59e1e772adf764a001470a81d') in 0.075991 seconds 
========================================================================
Received Import Request.
  Time since last request: 6.184155 seconds.
  path: Assets/Sorin Models/TV/big_screen.prefab
  artifactKey: Guid(1d0523bccd80b0042aa3e0d014600bf3) Importer(815301076,1909f56bfc062723c751e8b465ee728b)
Start importing Assets/Sorin Models/TV/big_screen.prefab using Guid(1d0523bccd80b0042aa3e0d014600bf3) Importer(815301076,1909f56bfc062723c751e8b465ee728b)  -> (artifact id: '4d9c5479925b212addcb9847107d272b') in 0.016128 seconds 
========================================================================
Received Import Request.
  Time since last request: 0.417597 seconds.
  path: Assets/Sorin Models/TV/big_screen.prefab
  artifactKey: Guid(1d0523bccd80b0042aa3e0d014600bf3) Importer(815301076,1909f56bfc062723c751e8b465ee728b)
Start importing Assets/Sorin Models/TV/big_screen.prefab using Guid(1d0523bccd80b0042aa3e0d014600bf3) Importer(815301076,1909f56bfc062723c751e8b465ee728b)  -> (artifact id: '4d0dd7fc3abf58d699c3ca8352358741') in 0.012102 seconds 
========================================================================
Received Import Request.
  Time since last request: 6.507476 seconds.
  path: Assets/Sorin Models/TV/big_screen.prefab
  artifactKey: Guid(1d0523bccd80b0042aa3e0d014600bf3) Importer(815301076,1909f56bfc062723c751e8b465ee728b)
Start importing Assets/Sorin Models/TV/big_screen.prefab using Guid(1d0523bccd80b0042aa3e0d014600bf3) Importer(815301076,1909f56bfc062723c751e8b465ee728b)  -> (artifact id: '0ca0538502d282912c6717c7faa05641') in 0.013569 seconds 
========================================================================
Received Import Request.
  Time since last request: 4.094768 seconds.
  path: Assets/Sorin Models/TV/big_screen.prefab
  artifactKey: Guid(1d0523bccd80b0042aa3e0d014600bf3) Importer(815301076,1909f56bfc062723c751e8b465ee728b)
Start importing Assets/Sorin Models/TV/big_screen.prefab using Guid(1d0523bccd80b0042aa3e0d014600bf3) Importer(815301076,1909f56bfc062723c751e8b465ee728b)  -> (artifact id: '97b13426ef59eccc293fcfee4745d436') in 0.013764 seconds 
========================================================================
Received Import Request.
  Time since last request: 14.202739 seconds.
  path: Assets/Sorin Models/TV/big_screen.prefab
  artifactKey: Guid(1d0523bccd80b0042aa3e0d014600bf3) Importer(815301076,1909f56bfc062723c751e8b465ee728b)
Start importing Assets/Sorin Models/TV/big_screen.prefab using Guid(1d0523bccd80b0042aa3e0d014600bf3) Importer(815301076,1909f56bfc062723c751e8b465ee728b)  -> (artifact id: '0b70eeab597ad475e54b70b99a152dc3') in 0.013199 seconds 
========================================================================
Received Import Request.
  Time since last request: 5.853355 seconds.
  path: Assets/Sorin Models/TV/big_screen.prefab
  artifactKey: Guid(1d0523bccd80b0042aa3e0d014600bf3) Importer(815301076,1909f56bfc062723c751e8b465ee728b)
Start importing Assets/Sorin Models/TV/big_screen.prefab using Guid(1d0523bccd80b0042aa3e0d014600bf3) Importer(815301076,1909f56bfc062723c751e8b465ee728b)  -> (artifact id: 'fb7ce81058d8950b5005a7ce999a7bc6') in 0.014095 seconds 
========================================================================
Received Import Request.
  Time since last request: 9.892100 seconds.
  path: Assets/Sorin Models/TV/big_screen.prefab
  artifactKey: Guid(1d0523bccd80b0042aa3e0d014600bf3) Importer(815301076,1909f56bfc062723c751e8b465ee728b)
Start importing Assets/Sorin Models/TV/big_screen.prefab using Guid(1d0523bccd80b0042aa3e0d014600bf3) Importer(815301076,1909f56bfc062723c751e8b465ee728b)  -> (artifact id: '0f09ad820a22d9966e418397d2e0df12') in 0.013025 seconds 
========================================================================
Received Import Request.
  Time since last request: 37.105039 seconds.
  path: Assets/Sorin Models/TV/big_screen.prefab
  artifactKey: Guid(1d0523bccd80b0042aa3e0d014600bf3) Importer(815301076,1909f56bfc062723c751e8b465ee728b)
Start importing Assets/Sorin Models/TV/big_screen.prefab using Guid(1d0523bccd80b0042aa3e0d014600bf3) Importer(815301076,1909f56bfc062723c751e8b465ee728b)  -> (artifact id: '6ea62ee993208af2423c395127860e7e') in 0.013127 seconds 
========================================================================
Received Import Request.
  Time since last request: 5.093113 seconds.
  path: Assets/Sorin Models/TV/big_screen.prefab
  artifactKey: Guid(1d0523bccd80b0042aa3e0d014600bf3) Importer(815301076,1909f56bfc062723c751e8b465ee728b)
Start importing Assets/Sorin Models/TV/big_screen.prefab using Guid(1d0523bccd80b0042aa3e0d014600bf3) Importer(815301076,1909f56bfc062723c751e8b465ee728b)  -> (artifact id: 'c86bbd521e12126e3961e3fc93b78699') in 0.013378 seconds 
========================================================================
Received Import Request.
  Time since last request: 4.886640 seconds.
  path: Assets/Sorin Models/TV/big_screen.prefab
  artifactKey: Guid(1d0523bccd80b0042aa3e0d014600bf3) Importer(815301076,1909f56bfc062723c751e8b465ee728b)
Start importing Assets/Sorin Models/TV/big_screen.prefab using Guid(1d0523bccd80b0042aa3e0d014600bf3) Importer(815301076,1909f56bfc062723c751e8b465ee728b)  -> (artifact id: '0f09be900a32300381026c62a25543af') in 0.017763 seconds 
========================================================================
Received Import Request.
  Time since last request: 14.799024 seconds.
  path: Assets/Sorin Models/TV/big_screen.prefab
  artifactKey: Guid(1d0523bccd80b0042aa3e0d014600bf3) Importer(815301076,1909f56bfc062723c751e8b465ee728b)
Start importing Assets/Sorin Models/TV/big_screen.prefab using Guid(1d0523bccd80b0042aa3e0d014600bf3) Importer(815301076,1909f56bfc062723c751e8b465ee728b)  -> (artifact id: '1a04b64e24275572d15a7aa1a14d3a87') in 0.015073 seconds 
========================================================================
Received Import Request.
  Time since last request: 4.848756 seconds.
  path: Assets/Sorin Models/TV/big_screen.prefab
  artifactKey: Guid(1d0523bccd80b0042aa3e0d014600bf3) Importer(815301076,1909f56bfc062723c751e8b465ee728b)
Start importing Assets/Sorin Models/TV/big_screen.prefab using Guid(1d0523bccd80b0042aa3e0d014600bf3) Importer(815301076,1909f56bfc062723c751e8b465ee728b)  -> (artifact id: 'ba1fc1ad42e3c906be241e6672498fc9') in 0.013950 seconds 
========================================================================
Received Import Request.
  Time since last request: 6.255523 seconds.
  path: Assets/Sorin Models/TV/big_screen.prefab
  artifactKey: Guid(1d0523bccd80b0042aa3e0d014600bf3) Importer(815301076,1909f56bfc062723c751e8b465ee728b)
Start importing Assets/Sorin Models/TV/big_screen.prefab using Guid(1d0523bccd80b0042aa3e0d014600bf3) Importer(815301076,1909f56bfc062723c751e8b465ee728b)  -> (artifact id: '88820d4687ef3fc61a665b8d988c2a43') in 0.014655 seconds 
========================================================================
Received Import Request.
  Time since last request: 8.698726 seconds.
  path: Assets/Sorin Models/TV/big_screen.prefab
  artifactKey: Guid(1d0523bccd80b0042aa3e0d014600bf3) Importer(815301076,1909f56bfc062723c751e8b465ee728b)
Start importing Assets/Sorin Models/TV/big_screen.prefab using Guid(1d0523bccd80b0042aa3e0d014600bf3) Importer(815301076,1909f56bfc062723c751e8b465ee728b)  -> (artifact id: '74057cfeb8a44f0c0452c1b98b15a2b6') in 0.017899 seconds 
========================================================================
Received Import Request.
  Time since last request: 12.108773 seconds.
  path: Assets/Sorin Models/TV/big_screen.prefab
  artifactKey: Guid(1d0523bccd80b0042aa3e0d014600bf3) Importer(815301076,1909f56bfc062723c751e8b465ee728b)
Start importing Assets/Sorin Models/TV/big_screen.prefab using Guid(1d0523bccd80b0042aa3e0d014600bf3) Importer(815301076,1909f56bfc062723c751e8b465ee728b)  -> (artifact id: '1cedb6825665fbd48e7b54eb136fdcb3') in 0.013910 seconds 
========================================================================
Received Import Request.
  Time since last request: 13.909702 seconds.
  path: Assets/Sorin Models/TV/big_screen.prefab
  artifactKey: Guid(1d0523bccd80b0042aa3e0d014600bf3) Importer(815301076,1909f56bfc062723c751e8b465ee728b)
Start importing Assets/Sorin Models/TV/big_screen.prefab using Guid(1d0523bccd80b0042aa3e0d014600bf3) Importer(815301076,1909f56bfc062723c751e8b465ee728b)  -> (artifact id: '6771d879235ebdc7c9f3f1e9d9cf9dc7') in 0.013612 seconds 
========================================================================
Received Import Request.
  Time since last request: 179.762163 seconds.
  path: Assets/Sorin Models/TV/big_screen.prefab
  artifactKey: Guid(1d0523bccd80b0042aa3e0d014600bf3) Importer(815301076,1909f56bfc062723c751e8b465ee728b)
Start importing Assets/Sorin Models/TV/big_screen.prefab using Guid(1d0523bccd80b0042aa3e0d014600bf3) Importer(815301076,1909f56bfc062723c751e8b465ee728b)  -> (artifact id: '278ddd164683f3010131d8e5a04c752f') in 0.015329 seconds 
========================================================================
Received Import Request.
  Time since last request: 3.654979 seconds.
  path: Assets/Sorin Models/TV/big_screen.prefab
  artifactKey: Guid(1d0523bccd80b0042aa3e0d014600bf3) Importer(815301076,1909f56bfc062723c751e8b465ee728b)
Start importing Assets/Sorin Models/TV/big_screen.prefab using Guid(1d0523bccd80b0042aa3e0d014600bf3) Importer(815301076,1909f56bfc062723c751e8b465ee728b)  -> (artifact id: '9c6bea5689d4c40b8010a38baf65d84b') in 0.015196 seconds 
========================================================================
Received Prepare
Registering precompiled user dll's ...
Registered in 0.010331 seconds.
Begin MonoManager ReloadAssembly
Symbol file LoadedFromMemory doesn't match image D:\Work\GitHub\SorinsHackathon\Hackathon\Library\PackageCache\com.unity.visualscripting@1.8.0\Editor\VisualScripting.Core\Dependencies\DotNetZip\Unity.VisualScripting.IonicZip.dll
Symbol file LoadedFromMemory doesn't match image D:\Work\GitHub\SorinsHackathon\Hackathon\Library\PackageCache\com.unity.visualscripting@1.8.0\Editor\VisualScripting.Core\Dependencies\YamlDotNet\Unity.VisualScripting.YamlDotNet.dll
Native extension for WindowsStandalone target not found
Refreshing native plugins compatible for Editor in 1.00 ms, found 12 plugins.
Preloading 1 native plugins for Editor in 0.07 ms.
System.Reflection.TargetInvocationException: Exception has been thrown by the target of an invocation. ---> System.NullReferenceException: Object reference not set to an instance of an object
  at Unity.XR.Oculus.OculusLoader.AssetPathToAbsolutePath (System.String assetPath) [0x00041] in D:\Work\GitHub\SorinsHackathon\Hackathon\Library\PackageCache\com.unity.xr.oculus@3.2.2\Runtime\OculusLoader.cs:296 
  at Unity.XR.Oculus.OculusLoader.EditorLoadOVRPlugin () [0x000b0] in D:\Work\GitHub\SorinsHackathon\Hackathon\Library\PackageCache\com.unity.xr.oculus@3.2.2\Runtime\OculusLoader.cs:281 
  at (wrapper managed-to-native) System.Reflection.RuntimeMethodInfo.InternalInvoke(System.Reflection.RuntimeMethodInfo,object,object[],System.Exception&)
  at System.Reflection.RuntimeMethodInfo.Invoke (System.Object obj, System.Reflection.BindingFlags invokeAttr, System.Reflection.Binder binder, System.Object[] parameters, System.Globalization.CultureInfo culture) [0x0006a] in <1f66344f2f89470293d8b67d71308c07>:0 
   --- End of inner exception stack trace ---
  at System.Reflection.RuntimeMethodInfo.Invoke (System.Object obj, System.Reflection.BindingFlags invokeAttr, System.Reflection.Binder binder, System.Object[] parameters, System.Globalization.CultureInfo culture) [0x00083] in <1f66344f2f89470293d8b67d71308c07>:0 
  at System.Reflection.MethodBase.Invoke (System.Object obj, System.Object[] parameters) [0x00000] in <1f66344f2f89470293d8b67d71308c07>:0 
  at UnityEditor.EditorAssemblies.ProcessInitializeOnLoadMethodAttributes () [0x000a5] in <42a64fd733d9417da1ea3a757ad9a96d>:0 
UnityEngine.StackTraceUtility:ExtractStackTrace ()
UnityEngine.DebugLogHandler:LogFormat (UnityEngine.LogType,UnityEngine.Object,string,object[])
UnityEngine.Logger:Log (UnityEngine.LogType,object)
UnityEngine.Debug:LogError (object)
UnityEditor.EditorAssemblies:ProcessInitializeOnLoadMethodAttributes ()

Mono: successfully reloaded assembly
- Completed reload, in  1.417 seconds
Domain Reload Profiling:
	ReloadAssembly (1418ms)
		BeginReloadAssembly (232ms)
			ExecutionOrderSort (0ms)
			DisableScriptedObjects (4ms)
			BackupInstance (0ms)
			ReleaseScriptingObjects (0ms)
			CreateAndSetChildDomain (43ms)
		EndReloadAssembly (1051ms)
			LoadAssemblies (179ms)
			RebuildTransferFunctionScriptingTraits (0ms)
			SetupTypeCache (298ms)
			ReleaseScriptCaches (1ms)
			RebuildScriptCaches (50ms)
			SetupLoadedEditorAssemblies (530ms)
				LogAssemblyErrors (0ms)
				InitializePlatformSupportModulesInManaged (21ms)
				SetLoadedEditorAssemblies (1ms)
				RefreshPlugins (1ms)
				BeforeProcessingInitializeOnLoad (112ms)
				ProcessInitializeOnLoadAttributes (322ms)
				ProcessInitializeOnLoadMethodAttributes (37ms)
				AfterProcessingInitializeOnLoad (36ms)
				EditorAssembliesLoaded (1ms)
			ExecutionOrderSort2 (0ms)
			AwakeInstancesAfterBackupRestoration (8ms)
Platform modules already initialized, skipping
Refreshing native plugins compatible for Editor in 4.90 ms, found 12 plugins.
Preloading 1 native plugins for Editor in 0.05 ms.
Unloading 3940 Unused Serialized files (Serialized files now loaded: 0)
Unloading 44 unused Assets / (152.1 KB). Loaded Objects now: 4460.
Memory consumption went from 146.2 MB to 146.0 MB.
Total: 2.936500 ms (FindLiveObjects: 0.256900 ms CreateObjectMapping: 0.182400 ms MarkObjects: 2.380600 ms  DeleteObjects: 0.115700 ms)

AssetImportParameters requested are different than current active one (requested -> active):
  custom:video-decoder-ogg-theora: a1e56fd34408186e4bbccfd4996cb3dc -> 
  custom:container-muxer-webm: aa71ff27fc2769a1b78a27578f13a17b -> 
  custom:container-demuxer-webm: 4f35f7cbe854078d1ac9338744f61a02 -> 
  custom:video-encoder-webm-vp8: eb34c28f22e8b96e1ab97ce403110664 -> 
  custom:audio-encoder-webm-vorbis: bf7c407c2cedff20999df2af8eb42d56 -> 
  custom:framework-win-MediaFoundation: 216162199b28c13a410421893ffa2e32 -> 
  custom:container-demuxer-ogg: 62fdf1f143b41e24485cea50d1cbac27 -> 
  custom:video-decoder-webm-vp8: 9c59270c3fd7afecdb556c50c9e8de78 -> 
  custom:audio-decoder-ogg-vorbis: bf7c407c2cedff20999df2af8eb42d56 -> 
========================================================================
Received Import Request.
  Time since last request: 438.422070 seconds.
  path: Assets/Sci-Fi Styled Modular Pack/Materials/Palletes/base color.mat
  artifactKey: Guid(10de6384af0c3b54e8166f9c3f936e88) Importer(815301076,1909f56bfc062723c751e8b465ee728b)
Start importing Assets/Sci-Fi Styled Modular Pack/Materials/Palletes/base color.mat using Guid(10de6384af0c3b54e8166f9c3f936e88) Importer(815301076,1909f56bfc062723c751e8b465ee728b)  -> (artifact id: '6e7ed45aa58f74d4791838e57ab97ff7') in 0.107404 seconds 
========================================================================
Received Import Request.
  Time since last request: 0.000030 seconds.
  path: Assets/Sci-Fi Styled Modular Pack/Materials/blue emission.mat
  artifactKey: Guid(5476ae29e2e50194abce19e5cacce575) Importer(815301076,1909f56bfc062723c751e8b465ee728b)
Start importing Assets/Sci-Fi Styled Modular Pack/Materials/blue emission.mat using Guid(5476ae29e2e50194abce19e5cacce575) Importer(815301076,1909f56bfc062723c751e8b465ee728b)  -> (artifact id: '68e7778741231ff21abd56beb45eef61') in 0.008629 seconds 
========================================================================
Received Import Request.
  Time since last request: 0.000028 seconds.
  path: Assets/Sci-Fi Styled Modular Pack/Materials/comuter_wall.mat
  artifactKey: Guid(0d0f1f087865a1c47826008280428fdf) Importer(815301076,1909f56bfc062723c751e8b465ee728b)
Start importing Assets/Sci-Fi Styled Modular Pack/Materials/comuter_wall.mat using Guid(0d0f1f087865a1c47826008280428fdf) Importer(815301076,1909f56bfc062723c751e8b465ee728b)  -> (artifact id: 'f0b15cc2d802f7223d9d574750bc0119') in 0.116303 seconds 
========================================================================
Received Import Request.
  Time since last request: 0.000024 seconds.
  path: Assets/Sci-Fi Styled Modular Pack/Materials/Palletes/coffee color.mat
  artifactKey: Guid(0dc773308a90b4d46b08202cbde5b80d) Importer(815301076,1909f56bfc062723c751e8b465ee728b)
Start importing Assets/Sci-Fi Styled Modular Pack/Materials/Palletes/coffee color.mat using Guid(0dc773308a90b4d46b08202cbde5b80d) Importer(815301076,1909f56bfc062723c751e8b465ee728b)  -> (artifact id: 'a612b575037405d8675c55ab03129637') in 0.178649 seconds 
========================================================================
Received Import Request.
  Time since last request: 31.739467 seconds.
  path: Assets/Sci-Fi Styled Modular Pack/Models/Materials/No Name.mat
  artifactKey: Guid(7a58152a38aedc0499250c326bba4d63) Importer(815301076,1909f56bfc062723c751e8b465ee728b)
Start importing Assets/Sci-Fi Styled Modular Pack/Models/Materials/No Name.mat using Guid(7a58152a38aedc0499250c326bba4d63) Importer(815301076,1909f56bfc062723c751e8b465ee728b)  -> (artifact id: '58cd26d3c94f68d1595c497d4117494f') in 0.034321 seconds 
========================================================================
Received Import Request.
  Time since last request: 4.337424 seconds.
  path: Assets/Sci-Fi Styled Modular Pack/Materials/Palletes/dark color.mat
  artifactKey: Guid(14e5822a3f4e21e4d9ef3d687fe27b01) Importer(815301076,1909f56bfc062723c751e8b465ee728b)
Start importing Assets/Sci-Fi Styled Modular Pack/Materials/Palletes/dark color.mat using Guid(14e5822a3f4e21e4d9ef3d687fe27b01) Importer(815301076,1909f56bfc062723c751e8b465ee728b)  -> (artifact id: '63078b04d8d19d7077f2922027c898a7') in 0.043424 seconds 
========================================================================
Received Import Request.
  Time since last request: 1.922902 seconds.
  path: Assets/Sorin Models/Earth/Earth Obj.fbx
  artifactKey: Guid(febb101c4f3c29a469bb42a75e428d49) Importer(815301076,1909f56bfc062723c751e8b465ee728b)
Start importing Assets/Sorin Models/Earth/Earth Obj.fbx using Guid(febb101c4f3c29a469bb42a75e428d49) Importer(815301076,1909f56bfc062723c751e8b465ee728b)  -> (artifact id: '5bdd71ed7a64e2da110115b26344b783') in 0.131390 seconds 
========================================================================
Received Import Request.
  Time since last request: 0.000023 seconds.
  path: Assets/ExampleAssets/Materials/Grid.mat
  artifactKey: Guid(3f9336a53d1d2ea43895699cc52cb411) Importer(815301076,1909f56bfc062723c751e8b465ee728b)
Start importing Assets/ExampleAssets/Materials/Grid.mat using Guid(3f9336a53d1d2ea43895699cc52cb411) Importer(815301076,1909f56bfc062723c751e8b465ee728b)  -> (artifact id: 'eef3913b8354dbf36bba15441ee57bd4') in 0.008789 seconds 
========================================================================
Received Import Request.
  Time since last request: 0.000030 seconds.
  path: Assets/ExampleAssets 1/Materials/Grid.mat
  artifactKey: Guid(4b80fd61c0c8e6d4585c0cae86d26e01) Importer(815301076,1909f56bfc062723c751e8b465ee728b)
Start importing Assets/ExampleAssets 1/Materials/Grid.mat using Guid(4b80fd61c0c8e6d4585c0cae86d26e01) Importer(815301076,1909f56bfc062723c751e8b465ee728b)  -> (artifact id: '676930f9113285358c9ef01ef02ff9dd') in 0.018065 seconds 
Editor requested this worker to shutdown with reason: Scaling down because of idle timeout
AssetImportWorker is now disconnected from the server
Process exiting
Exiting without the bug reporter. Application will terminate with return code 0