Using pre-set license
Built from '2022.3/staging' branch; Version is '2022.3.9f1 (ea401c316338) revision 15351836'; Using compiler version '192829333'; Build Type 'Release'
OS: 'Windows 11  (10.0.22000) 64bit Professional' Language: 'en' Physical Memory: 16222 MB
BatchMode: 1, IsHumanControllingUs: 0, StartBugReporterOnCrash: 0, Is64bit: 1, IsPro: 1

COMMAND LINE ARGUMENTS:
C:\Program Files\Unity\Hub\Editor\2022.3.9f1\Editor\Unity.exe
-adb2
-batchMode
-noUpm
-name
AssetImportWorker2
-projectPath
C:/Users/User/Documents/GitHub/SpaceAppsNominees/SpaceAppsGame
-logFile
Logs/AssetImportWorker2.log
-srvPort
51550
Successfully changed project path to: C:/Users/User/Documents/GitHub/SpaceAppsNominees/SpaceAppsGame
C:/Users/User/Documents/GitHub/SpaceAppsNominees/SpaceAppsGame
[UnityMemory] Configuration Parameters - Can be set up in boot.config
    "memorysetup-bucket-allocator-granularity=16"
    "memorysetup-bucket-allocator-bucket-count=8"
    "memorysetup-bucket-allocator-block-size=33554432"
    "memorysetup-bucket-allocator-block-count=8"
    "memorysetup-main-allocator-block-size=16777216"
    "memorysetup-thread-allocator-block-size=16777216"
    "memorysetup-gfx-main-allocator-block-size=16777216"
    "memorysetup-gfx-thread-allocator-block-size=16777216"
    "memorysetup-cache-allocator-block-size=4194304"
    "memorysetup-typetree-allocator-block-size=2097152"
    "memorysetup-profiler-bucket-allocator-granularity=16"
    "memorysetup-profiler-bucket-allocator-bucket-count=8"
    "memorysetup-profiler-bucket-allocator-block-size=33554432"
    "memorysetup-profiler-bucket-allocator-block-count=8"
    "memorysetup-profiler-allocator-block-size=16777216"
    "memorysetup-profiler-editor-allocator-block-size=1048576"
    "memorysetup-temp-allocator-size-main=16777216"
    "memorysetup-job-temp-allocator-block-size=2097152"
    "memorysetup-job-temp-allocator-block-size-background=1048576"
    "memorysetup-job-temp-allocator-reduction-small-platforms=262144"
    "memorysetup-allocator-temp-initial-block-size-main=262144"
    "memorysetup-allocator-temp-initial-block-size-worker=262144"
    "memorysetup-temp-allocator-size-background-worker=32768"
    "memorysetup-temp-allocator-size-job-worker=262144"
    "memorysetup-temp-allocator-size-preload-manager=33554432"
    "memorysetup-temp-allocator-size-nav-mesh-worker=65536"
    "memorysetup-temp-allocator-size-audio-worker=65536"
    "memorysetup-temp-allocator-size-cloud-worker=32768"
    "memorysetup-temp-allocator-size-gi-baking-worker=262144"
    "memorysetup-temp-allocator-size-gfx=262144"
Player connection [6588] Host "[IP] 192.168.1.14 [Port] 0 [Flags] 2 [Guid] 3347904439 [EditorId] 3347904439 [Version] 1048832 [Id] WindowsEditor(7,Piotr-Laptop) [Debug] 1 [PackageName] WindowsEditor [ProjectName] Editor" joined multi-casting on [225.0.0.222:54997]...

Player connection [6588] Host "[IP] 192.168.1.14 [Port] 0 [Flags] 2 [Guid] 3347904439 [EditorId] 3347904439 [Version] 1048832 [Id] WindowsEditor(7,Piotr-Laptop) [Debug] 1 [PackageName] WindowsEditor [ProjectName] Editor" joined alternative multi-casting on [225.0.0.222:34997]...

[Physics::Module] Initialized MultithreadedJobDispatcher with 11 workers.
Refreshing native plugins compatible for Editor in 19.93 ms, found 12 plugins.
Preloading 1 native plugins for Editor in 0.49 ms.
Initialize engine version: 2022.3.9f1 (ea401c316338)
[Subsystems] Discovering subsystems at path C:/Program Files/Unity/Hub/Editor/2022.3.9f1/Editor/Data/Resources/UnitySubsystems
[Subsystems] Discovering subsystems at path C:/Users/User/Documents/GitHub/SpaceAppsNominees/SpaceAppsGame/Assets
GfxDevice: creating device client; threaded=0; jobified=0
Direct3D:
    Version:  Direct3D 11.0 [level 11.1]
    Renderer: NVIDIA GeForce RTX 2080 Super (ID=0x1ed3)
    Vendor:   NVIDIA
    VRAM:     8010 MB
    Driver:   30.0.15.1278
Initialize mono
Mono path[0] = 'C:/Program Files/Unity/Hub/Editor/2022.3.9f1/Editor/Data/Managed'
Mono path[1] = 'C:/Program Files/Unity/Hub/Editor/2022.3.9f1/Editor/Data/MonoBleedingEdge/lib/mono/unityjit-win32'
Mono config path = 'C:/Program Files/Unity/Hub/Editor/2022.3.9f1/Editor/Data/MonoBleedingEdge/etc'
Using monoOptions --debugger-agent=transport=dt_socket,embedding=1,server=y,suspend=n,address=127.0.0.1:56948
Begin MonoManager ReloadAssembly
Registering precompiled unity dll's ...
Register platform support module: C:/Program Files/Unity/Hub/Editor/2022.3.9f1/Editor/Data/PlaybackEngines/WindowsStandaloneSupport/UnityEditor.WindowsStandalone.Extensions.dll
Registered in 0.008020 seconds.
- Loaded All Assemblies, in  0.398 seconds
Native extension for WindowsStandalone target not found
Mono: successfully reloaded assembly
- Finished resetting the current domain, in  0.295 seconds
Domain Reload Profiling: 691ms
	BeginReloadAssembly (110ms)
		ExecutionOrderSort (0ms)
		DisableScriptedObjects (0ms)
		BackupInstance (0ms)
		ReleaseScriptingObjects (0ms)
		CreateAndSetChildDomain (1ms)
	RebuildCommonClasses (40ms)
	RebuildNativeTypeToScriptingClass (16ms)
	initialDomainReloadingComplete (68ms)
	LoadAllAssembliesAndSetupDomain (161ms)
		LoadAssemblies (108ms)
		RebuildTransferFunctionScriptingTraits (0ms)
		AnalyzeDomain (159ms)
			TypeCache.Refresh (157ms)
				TypeCache.ScanAssembly (140ms)
			ScanForSourceGeneratedMonoScriptInfo (0ms)
			ResolveRequiredComponents (0ms)
	FinalizeReload (296ms)
		ReleaseScriptCaches (0ms)
		RebuildScriptCaches (0ms)
		SetupLoadedEditorAssemblies (229ms)
			LogAssemblyErrors (0ms)
			InitializePlatformSupportModulesInManaged (11ms)
			SetLoadedEditorAssemblies (9ms)
			RefreshPlugins (0ms)
			BeforeProcessingInitializeOnLoad (2ms)
			ProcessInitializeOnLoadAttributes (146ms)
			ProcessInitializeOnLoadMethodAttributes (60ms)
			AfterProcessingInitializeOnLoad (0ms)
			EditorAssembliesLoaded (0ms)
		ExecutionOrderSort2 (0ms)
		AwakeInstancesAfterBackupRestoration (0ms)
========================================================================
Worker process is ready to serve import requests
Begin MonoManager ReloadAssembly
- Loaded All Assemblies, in  0.766 seconds
Refreshing native plugins compatible for Editor in 16.80 ms, found 12 plugins.
Native extension for WindowsStandalone target not found
Package Manager log level set to [2]
[Package Manager] Server::EnsureServerProcessIsRunning -- launch failed, reason: Unity was launched with the -noUpm command-line argument
[Package Manager] UpmClient::Send -- Unable to send message (not connected to UPM process).
[Package Manager] Cannot connect to Unity Package Manager local server
[Package Manager] Server::EnsureServerProcessIsRunning -- launch failed, reason: Unity was launched with the -noUpm command-line argument
[Package Manager] UpmClient::Send -- Unable to send message (not connected to UPM process).
[Package Manager] Cannot connect to Unity Package Manager local server
System.Reflection.TargetInvocationException: Exception has been thrown by the target of an invocation. ---> System.NullReferenceException: Object reference not set to an instance of an object
  at Unity.XR.Oculus.OculusLoader.AssetPathToAbsolutePath (System.String assetPath) [0x0003d] in .\Library\PackageCache\com.unity.xr.oculus@4.0.0\Runtime\OculusLoader.cs:282 
  at Unity.XR.Oculus.OculusLoader.EditorLoadOVRPlugin () [0x0007b] in .\Library\PackageCache\com.unity.xr.oculus@4.0.0\Runtime\OculusLoader.cs:267 
  at (wrapper managed-to-native) System.Reflection.RuntimeMethodInfo.InternalInvoke(System.Reflection.RuntimeMethodInfo,object,object[],System.Exception&)
  at System.Reflection.RuntimeMethodInfo.Invoke (System.Object obj, System.Reflection.BindingFlags invokeAttr, System.Reflection.Binder binder, System.Object[] parameters, System.Globalization.CultureInfo culture) [0x0006a] in <787acc3c9a4c471ba7d971300105af24>:0 
   --- End of inner exception stack trace ---
  at System.Reflection.RuntimeMethodInfo.Invoke (System.Object obj, System.Reflection.BindingFlags invokeAttr, System.Reflection.Binder binder, System.Object[] parameters, System.Globalization.CultureInfo culture) [0x00083] in <787acc3c9a4c471ba7d971300105af24>:0 
  at System.Reflection.MethodBase.Invoke (System.Object obj, System.Object[] parameters) [0x00000] in <787acc3c9a4c471ba7d971300105af24>:0 
  at UnityEditor.EditorAssemblies.ProcessInitializeOnLoadMethodAttributes () [0x000a5] in <2e279d988b9d4542841de511fbfdf8c2>:0 
UnityEngine.StackTraceUtility:ExtractStackTrace ()
UnityEngine.DebugLogHandler:LogFormat (UnityEngine.LogType,UnityEngine.Object,string,object[])
UnityEngine.Logger:Log (UnityEngine.LogType,object)
UnityEngine.Debug:LogError (object)
UnityEditor.EditorAssemblies:ProcessInitializeOnLoadMethodAttributes ()

Mono: successfully reloaded assembly
[Package Manager] Server::EnsureServerProcessIsRunning -- launch failed, reason: Unity was launched with the -noUpm command-line argument
[Package Manager] UpmClient::Send -- Unable to send message (not connected to UPM process).
[Package Manager] Cannot connect to Unity Package Manager local server
[Package Manager] Server::EnsureServerProcessIsRunning -- launch failed, reason: Unity was launched with the -noUpm command-line argument
[Package Manager] UpmClient::Send -- Unable to send message (not connected to UPM process).
[Package Manager] Cannot connect to Unity Package Manager local server
- Finished resetting the current domain, in  0.788 seconds
Domain Reload Profiling: 1550ms
	BeginReloadAssembly (179ms)
		ExecutionOrderSort (0ms)
		DisableScriptedObjects (5ms)
		BackupInstance (0ms)
		ReleaseScriptingObjects (0ms)
		CreateAndSetChildDomain (27ms)
	RebuildCommonClasses (40ms)
	RebuildNativeTypeToScriptingClass (12ms)
	initialDomainReloadingComplete (45ms)
	LoadAllAssembliesAndSetupDomain (486ms)
		LoadAssemblies (348ms)
		RebuildTransferFunctionScriptingTraits (0ms)
		AnalyzeDomain (242ms)
			TypeCache.Refresh (204ms)
				TypeCache.ScanAssembly (185ms)
			ScanForSourceGeneratedMonoScriptInfo (26ms)
			ResolveRequiredComponents (9ms)
	FinalizeReload (788ms)
		ReleaseScriptCaches (0ms)
		RebuildScriptCaches (0ms)
		SetupLoadedEditorAssemblies (587ms)
			LogAssemblyErrors (0ms)
			InitializePlatformSupportModulesInManaged (6ms)
			SetLoadedEditorAssemblies (5ms)
			RefreshPlugins (0ms)
			BeforeProcessingInitializeOnLoad (80ms)
			ProcessInitializeOnLoadAttributes (428ms)
			ProcessInitializeOnLoadMethodAttributes (61ms)
			AfterProcessingInitializeOnLoad (7ms)
			EditorAssembliesLoaded (0ms)
		ExecutionOrderSort2 (0ms)
		AwakeInstancesAfterBackupRestoration (7ms)
Launched and connected shader compiler UnityShaderCompiler.exe after 0.04 seconds
Refreshing native plugins compatible for Editor in 17.47 ms, found 12 plugins.
Preloading 1 native plugins for Editor in 0.07 ms.
Unloading 4570 Unused Serialized files (Serialized files now loaded: 0)
Unloading 76 unused Assets / (75.2 KB). Loaded Objects now: 5065.
Memory consumption went from 154.5 MB to 154.4 MB.
Total: 4.295200 ms (FindLiveObjects: 0.525100 ms CreateObjectMapping: 0.457200 ms MarkObjects: 3.127700 ms  DeleteObjects: 0.184000 ms)

AssetImportParameters requested are different than current active one (requested -> active):
  custom:container-demuxer-ogg: 62fdf1f143b41e24485cea50d1cbac27 -> 
  custom:video-decoder-ogg-theora: a1e56fd34408186e4bbccfd4996cb3dc -> 
  custom:framework-win-MediaFoundation: 216162199b28c13a410421893ffa2e32 -> 
  custom:container-demuxer-webm: 4f35f7cbe854078d1ac9338744f61a02 -> 
  custom:container-muxer-webm: aa71ff27fc2769a1b78a27578f13a17b -> 
  custom:video-decoder-webm-vp8: 9c59270c3fd7afecdb556c50c9e8de78 -> 
  custom:SearchIndexIgnoredProperties: e643bd26f0fe6173181afceb89e7c659 -> 
  custom:AudioImporter_EditorPlatform: d09bf68614088b80899f8185d706f6e7 -> 
  custom:video-encoder-webm-vp8: eb34c28f22e8b96e1ab97ce403110664 -> 
  custom:audio-decoder-ogg-vorbis: bf7c407c2cedff20999df2af8eb42d56 -> 
  custom:audio-encoder-webm-vorbis: bf7c407c2cedff20999df2af8eb42d56 -> 
========================================================================
Received Import Request.
  Time since last request: 34166.681426 seconds.
  path: Assets/Sci-Fi Styled Modular Pack/Models/decorative_plant_small.fbx
  artifactKey: Guid(ee525e307c7e23c449adda79b8029a44) Importer(815301076,1909f56bfc062723c751e8b465ee728b)
Start importing Assets/Sci-Fi Styled Modular Pack/Models/decorative_plant_small.fbx using Guid(ee525e307c7e23c449adda79b8029a44) Importer(815301076,1909f56bfc062723c751e8b465ee728b)  -> (artifact id: '9531e6396119193f45aef7f6aa671ecc') in 0.138859 seconds
Number of updated asset objects reloaded before import = 0
Number of asset objects unloaded after import = 12
========================================================================
Received Import Request.
  Time since last request: 0.000021 seconds.
  path: Assets/Sci-Fi Styled Modular Pack/Materials/white emision.mat
  artifactKey: Guid(6b6dfd77776c54a4781ec8cab4d87860) Importer(815301076,1909f56bfc062723c751e8b465ee728b)
Start importing Assets/Sci-Fi Styled Modular Pack/Materials/white emision.mat using Guid(6b6dfd77776c54a4781ec8cab4d87860) Importer(815301076,1909f56bfc062723c751e8b465ee728b)  -> (artifact id: 'af1458a7030a154710298f7127415ed7') in 0.031511 seconds
Number of updated asset objects reloaded before import = 0
Number of asset objects unloaded after import = 2
========================================================================
Received Import Request.
  Time since last request: 0.000018 seconds.
  path: Assets/Sci-Fi Styled Modular Pack/Materials/hologram.mat
  artifactKey: Guid(e305453a48fa58446882f6671dfa0d58) Importer(815301076,1909f56bfc062723c751e8b465ee728b)
Start importing Assets/Sci-Fi Styled Modular Pack/Materials/hologram.mat using Guid(e305453a48fa58446882f6671dfa0d58) Importer(815301076,1909f56bfc062723c751e8b465ee728b)  -> (artifact id: '8c001032eed40da039da7523f2e6474a') in 0.007642 seconds
Number of updated asset objects reloaded before import = 0
Number of asset objects unloaded after import = 2
========================================================================
Received Import Request.
  Time since last request: 0.000019 seconds.
  path: Assets/Sci-Fi Styled Modular Pack/Materials/window.mat
  artifactKey: Guid(6df5b81390f2c8d4d967baea2b0a190e) Importer(815301076,1909f56bfc062723c751e8b465ee728b)
Start importing Assets/Sci-Fi Styled Modular Pack/Materials/window.mat using Guid(6df5b81390f2c8d4d967baea2b0a190e) Importer(815301076,1909f56bfc062723c751e8b465ee728b)  -> (artifact id: 'd216a42adf475c665cc78376c18a0aa8') in 0.017277 seconds
Number of updated asset objects reloaded before import = 0
Number of asset objects unloaded after import = 4
========================================================================
Received Import Request.
  Time since last request: 0.000014 seconds.
  path: Assets/Sci-Fi Styled Modular Pack/Materials/pLANE.mat
  artifactKey: Guid(48a5839be15490946b12c8adf7a5e676) Importer(815301076,1909f56bfc062723c751e8b465ee728b)
Start importing Assets/Sci-Fi Styled Modular Pack/Materials/pLANE.mat using Guid(48a5839be15490946b12c8adf7a5e676) Importer(815301076,1909f56bfc062723c751e8b465ee728b)  -> (artifact id: '11f754246f8cc12a63dfc1cd85ce424f') in 0.012899 seconds
Number of updated asset objects reloaded before import = 0
Number of asset objects unloaded after import = 2
========================================================================
Received Import Request.
  Time since last request: 0.000012 seconds.
  path: Assets/Sci-Fi Styled Modular Pack/Models/console.fbx
  artifactKey: Guid(7d22befb952c070459bc8f06ba0a5f84) Importer(815301076,1909f56bfc062723c751e8b465ee728b)
Start importing Assets/Sci-Fi Styled Modular Pack/Models/console.fbx using Guid(7d22befb952c070459bc8f06ba0a5f84) Importer(815301076,1909f56bfc062723c751e8b465ee728b)  -> (artifact id: '69acd16efae780f3ed4e3cfdbb9ac792') in 0.015569 seconds
Number of updated asset objects reloaded before import = 0
Number of asset objects unloaded after import = 10
========================================================================
Received Import Request.
  Time since last request: 0.000014 seconds.
  path: Assets/Sci-Fi Styled Modular Pack/Materials/nature_root.mat
  artifactKey: Guid(00fc27719fc29924b9a34aab914dc83a) Importer(815301076,1909f56bfc062723c751e8b465ee728b)
Start importing Assets/Sci-Fi Styled Modular Pack/Materials/nature_root.mat using Guid(00fc27719fc29924b9a34aab914dc83a) Importer(815301076,1909f56bfc062723c751e8b465ee728b)  -> (artifact id: 'e222792276b6f4a7e85bfd0b35a293a3') in 0.015316 seconds
Number of updated asset objects reloaded before import = 0
Number of asset objects unloaded after import = 2
========================================================================
Received Import Request.
  Time since last request: 0.000011 seconds.
  path: Assets/Sci-Fi Styled Modular Pack/Models/decorative_half_wall_4_LOD0.fbx
  artifactKey: Guid(8cfadfd6f24381943ba7c84b556d77c5) Importer(815301076,1909f56bfc062723c751e8b465ee728b)
Start importing Assets/Sci-Fi Styled Modular Pack/Models/decorative_half_wall_4_LOD0.fbx using Guid(8cfadfd6f24381943ba7c84b556d77c5) Importer(815301076,1909f56bfc062723c751e8b465ee728b)  -> (artifact id: 'cea60e22ea4b8236adb6fb834c8b2e79') in 0.018122 seconds
Number of updated asset objects reloaded before import = 0
Number of asset objects unloaded after import = 12
========================================================================
Received Import Request.
  Time since last request: 0.000013 seconds.
  path: Assets/Sci-Fi Styled Modular Pack/Materials/glass.mat
  artifactKey: Guid(2ce01831e9f3ae441bb48623e5fbe0c0) Importer(815301076,1909f56bfc062723c751e8b465ee728b)
Start importing Assets/Sci-Fi Styled Modular Pack/Materials/glass.mat using Guid(2ce01831e9f3ae441bb48623e5fbe0c0) Importer(815301076,1909f56bfc062723c751e8b465ee728b)  -> (artifact id: 'cba5776d0a59a7c68ae017e64347b282') in 0.022423 seconds
Number of updated asset objects reloaded before import = 0
Number of asset objects unloaded after import = 2
========================================================================
Received Import Request.
  Time since last request: 0.000013 seconds.
  path: Assets/Sci-Fi Styled Modular Pack/Materials/lattice floor.mat
  artifactKey: Guid(62dcf96e239eb0d4db44cbe622abf152) Importer(815301076,1909f56bfc062723c751e8b465ee728b)
Start importing Assets/Sci-Fi Styled Modular Pack/Materials/lattice floor.mat using Guid(62dcf96e239eb0d4db44cbe622abf152) Importer(815301076,1909f56bfc062723c751e8b465ee728b)  -> (artifact id: '2ec64a94a4d9e5a54939cd247fd31125') in 0.008279 seconds
Number of updated asset objects reloaded before import = 0
Number of asset objects unloaded after import = 2
========================================================================
Received Import Request.
  Time since last request: 0.000020 seconds.
  path: Assets/Sci-Fi Styled Modular Pack/Models/decorative_table_glass.fbx
  artifactKey: Guid(e022ff0c9dac29d48a070accea073e45) Importer(815301076,1909f56bfc062723c751e8b465ee728b)
Start importing Assets/Sci-Fi Styled Modular Pack/Models/decorative_table_glass.fbx using Guid(e022ff0c9dac29d48a070accea073e45) Importer(815301076,1909f56bfc062723c751e8b465ee728b)  -> (artifact id: '2c20cef86cf5a81e87eb62cb73a2566c') in 0.013155 seconds
Number of updated asset objects reloaded before import = 0
Number of asset objects unloaded after import = 10
========================================================================
Received Prepare
Refreshing native plugins compatible for Editor in 16.18 ms, found 12 plugins.
Preloading 1 native plugins for Editor in 0.08 ms.
Unloading 0 Unused Serialized files (Serialized files now loaded: 0)
Unloading 1 unused Assets / (0.8 KB). Loaded Objects now: 5110.
Memory consumption went from 82.7 MB to 82.7 MB.
Total: 4.080200 ms (FindLiveObjects: 0.452200 ms CreateObjectMapping: 0.348000 ms MarkObjects: 3.235600 ms  DeleteObjects: 0.043400 ms)

Prepare: number of updated asset objects reloaded= 0
AssetImportParameters requested are different than current active one (requested -> active):
  custom:container-demuxer-ogg: 62fdf1f143b41e24485cea50d1cbac27 -> 
  custom:video-decoder-ogg-theora: a1e56fd34408186e4bbccfd4996cb3dc -> 
  custom:framework-win-MediaFoundation: 216162199b28c13a410421893ffa2e32 -> 
  custom:CustomObjectIndexerAttribute: 756ad292c208cfabdd7b50bc23989ffe -> 
  custom:container-demuxer-webm: 4f35f7cbe854078d1ac9338744f61a02 -> 
  custom:container-muxer-webm: aa71ff27fc2769a1b78a27578f13a17b -> 
  custom:video-decoder-webm-vp8: 9c59270c3fd7afecdb556c50c9e8de78 -> 
  custom:SearchIndexIgnoredProperties: e643bd26f0fe6173181afceb89e7c659 -> 
  custom:AudioImporter_EditorPlatform: d09bf68614088b80899f8185d706f6e7 -> 
  custom:video-encoder-webm-vp8: eb34c28f22e8b96e1ab97ce403110664 -> 
  custom:audio-decoder-ogg-vorbis: bf7c407c2cedff20999df2af8eb42d56 -> 
  custom:audio-encoder-webm-vorbis: bf7c407c2cedff20999df2af8eb42d56 -> 
========================================================================
Received Import Request.
  Time since last request: 65.050944 seconds.
  path: Assets/Sci-Fi Styled Modular Pack/Textures/New Render Texture.renderTexture
  artifactKey: Guid(52da9f52af2a48f408b73ce4bbb436a9) Importer(815301076,1909f56bfc062723c751e8b465ee728b)
Start importing Assets/Sci-Fi Styled Modular Pack/Textures/New Render Texture.renderTexture using Guid(52da9f52af2a48f408b73ce4bbb436a9) Importer(815301076,1909f56bfc062723c751e8b465ee728b)  -> (artifact id: 'b31b5d8991e9bd64e2ec68ea24bdfdd6') in 0.014821 seconds
Number of updated asset objects reloaded before import = 0
Number of asset objects unloaded after import = 2
========================================================================
Received Import Request.
  Time since last request: 36.925532 seconds.
  path: Assets/Sci-Fi Styled Modular Pack/Models/art_1.fbx
  artifactKey: Guid(eb75e9f492c943a4dac52c742f729357) Importer(815301076,1909f56bfc062723c751e8b465ee728b)
Start importing Assets/Sci-Fi Styled Modular Pack/Models/art_1.fbx using Guid(eb75e9f492c943a4dac52c742f729357) Importer(815301076,1909f56bfc062723c751e8b465ee728b)  -> (artifact id: '13121a55084b2412d5d62699646539ac') in 0.014478 seconds
Number of updated asset objects reloaded before import = 50
Number of asset objects unloaded after import = 9
========================================================================
Received Import Request.
  Time since last request: 0.104517 seconds.
  path: Assets/Sci-Fi Styled Modular Pack/Models/art_5.fbx
  artifactKey: Guid(e528381f299d2ce4db9f7e803942a77c) Importer(815301076,1909f56bfc062723c751e8b465ee728b)
Start importing Assets/Sci-Fi Styled Modular Pack/Models/art_5.fbx using Guid(e528381f299d2ce4db9f7e803942a77c) Importer(815301076,1909f56bfc062723c751e8b465ee728b)  -> (artifact id: '08adc3c7e4e4d8cd4ff1e96c60baaa7b') in 0.013186 seconds
Number of updated asset objects reloaded before import = 0
Number of asset objects unloaded after import = 9
========================================================================
Received Import Request.
  Time since last request: 0.000013 seconds.
  path: Assets/Sci-Fi Styled Modular Pack/Models/column_kneel_2.fbx
  artifactKey: Guid(b250e3bd6d5535e4798eee919e2f8cd2) Importer(815301076,1909f56bfc062723c751e8b465ee728b)
Start importing Assets/Sci-Fi Styled Modular Pack/Models/column_kneel_2.fbx using Guid(b250e3bd6d5535e4798eee919e2f8cd2) Importer(815301076,1909f56bfc062723c751e8b465ee728b)  -> (artifact id: 'f61c1a6cd147b2fe031933b23cb8f2b3') in 0.012083 seconds
Number of updated asset objects reloaded before import = 0
Number of asset objects unloaded after import = 9
========================================================================
Received Import Request.
  Time since last request: 0.000017 seconds.
  path: Assets/Sci-Fi Styled Modular Pack/Models/decorative_plant_small.fbx
  artifactKey: Guid(ee525e307c7e23c449adda79b8029a44) Importer(815301076,1909f56bfc062723c751e8b465ee728b)
Start importing Assets/Sci-Fi Styled Modular Pack/Models/decorative_plant_small.fbx using Guid(ee525e307c7e23c449adda79b8029a44) Importer(815301076,1909f56bfc062723c751e8b465ee728b)  -> (artifact id: '685f1f9e23e3ae8c527930e498a7ff0d') in 0.021356 seconds
Number of updated asset objects reloaded before import = 0
Number of asset objects unloaded after import = 13
========================================================================
Received Import Request.
  Time since last request: 0.000013 seconds.
  path: Assets/Sci-Fi Styled Modular Pack/Models/decorative_half_wall_5.fbx
  artifactKey: Guid(04ddb21bd2b21374397dab89f91a4b86) Importer(815301076,1909f56bfc062723c751e8b465ee728b)
Start importing Assets/Sci-Fi Styled Modular Pack/Models/decorative_half_wall_5.fbx using Guid(04ddb21bd2b21374397dab89f91a4b86) Importer(815301076,1909f56bfc062723c751e8b465ee728b)  -> (artifact id: '77abcbc0d26797f1e1190d28d8bfc702') in 0.014196 seconds
Number of updated asset objects reloaded before import = 0
Number of asset objects unloaded after import = 9
========================================================================
Received Import Request.
  Time since last request: 0.000011 seconds.
  path: Assets/Sci-Fi Styled Modular Pack/Models/Cube_1x2_extended.fbx
  artifactKey: Guid(4ea7f4ce4710e444abbd19154bbe29b8) Importer(815301076,1909f56bfc062723c751e8b465ee728b)
Start importing Assets/Sci-Fi Styled Modular Pack/Models/Cube_1x2_extended.fbx using Guid(4ea7f4ce4710e444abbd19154bbe29b8) Importer(815301076,1909f56bfc062723c751e8b465ee728b)  -> (artifact id: 'c94666a7a52ae2b2e437b36d1121d55b') in 0.027569 seconds
Number of updated asset objects reloaded before import = 0
Number of asset objects unloaded after import = 9
========================================================================
Received Import Request.
  Time since last request: 0.000017 seconds.
  path: Assets/Sci-Fi Styled Modular Pack/Models/decorative_pilow_LOD0.fbx
  artifactKey: Guid(f3db2c97405c89448891b5f5e6f734db) Importer(815301076,1909f56bfc062723c751e8b465ee728b)
Start importing Assets/Sci-Fi Styled Modular Pack/Models/decorative_pilow_LOD0.fbx using Guid(f3db2c97405c89448891b5f5e6f734db) Importer(815301076,1909f56bfc062723c751e8b465ee728b)  -> (artifact id: '15555b780cf353a9d30e542e16412b22') in 0.015400 seconds
Number of updated asset objects reloaded before import = 0
Number of asset objects unloaded after import = 9
========================================================================
Received Import Request.
  Time since last request: 0.000011 seconds.
  path: Assets/Sci-Fi Styled Modular Pack/Models/battery_medium.fbx
  artifactKey: Guid(c1c48e1341ea35d4fa172cdb915ed140) Importer(815301076,1909f56bfc062723c751e8b465ee728b)
Start importing Assets/Sci-Fi Styled Modular Pack/Models/battery_medium.fbx using Guid(c1c48e1341ea35d4fa172cdb915ed140) Importer(815301076,1909f56bfc062723c751e8b465ee728b)  -> (artifact id: '98227fa1b26064162112aee82f53f23b') in 0.017349 seconds
Number of updated asset objects reloaded before import = 0
Number of asset objects unloaded after import = 11
========================================================================
Received Import Request.
  Time since last request: 0.000014 seconds.
  path: Assets/Sci-Fi Styled Modular Pack/Models/bulletin_board_small.fbx
  artifactKey: Guid(1a4d745aad5a4c14ea26a3818a4b4adf) Importer(815301076,1909f56bfc062723c751e8b465ee728b)
Start importing Assets/Sci-Fi Styled Modular Pack/Models/bulletin_board_small.fbx using Guid(1a4d745aad5a4c14ea26a3818a4b4adf) Importer(815301076,1909f56bfc062723c751e8b465ee728b)  -> (artifact id: '560ff383008428687666cfe4608db456') in 0.011503 seconds
Number of updated asset objects reloaded before import = 0
Number of asset objects unloaded after import = 9
========================================================================
Received Import Request.
  Time since last request: 0.000013 seconds.
  path: Assets/Sci-Fi Styled Modular Pack/Models/cabinet_L_cutted.fbx
  artifactKey: Guid(ce77e936a9505b142a210040b9ab07e0) Importer(815301076,1909f56bfc062723c751e8b465ee728b)
Start importing Assets/Sci-Fi Styled Modular Pack/Models/cabinet_L_cutted.fbx using Guid(ce77e936a9505b142a210040b9ab07e0) Importer(815301076,1909f56bfc062723c751e8b465ee728b)  -> (artifact id: '2462f846df6fc134dd689d0cf0947496') in 0.011212 seconds
Number of updated asset objects reloaded before import = 0
Number of asset objects unloaded after import = 9
========================================================================
Received Import Request.
  Time since last request: 0.000016 seconds.
  path: Assets/Sci-Fi Styled Modular Pack/Models/column_end.fbx
  artifactKey: Guid(ee6694aa089caf34f87e2fc948184268) Importer(815301076,1909f56bfc062723c751e8b465ee728b)
Start importing Assets/Sci-Fi Styled Modular Pack/Models/column_end.fbx using Guid(ee6694aa089caf34f87e2fc948184268) Importer(815301076,1909f56bfc062723c751e8b465ee728b)  -> (artifact id: '0e5c3fa82b1814c104eb8eab454f9fbc') in 0.009939 seconds
Number of updated asset objects reloaded before import = 0
Number of asset objects unloaded after import = 9
========================================================================
Received Import Request.
  Time since last request: 0.000019 seconds.
  path: Assets/Sci-Fi Styled Modular Pack/Models/container_big.fbx
  artifactKey: Guid(1037e3cf0dc55a54fb6095b7d4075f91) Importer(815301076,1909f56bfc062723c751e8b465ee728b)
Start importing Assets/Sci-Fi Styled Modular Pack/Models/container_big.fbx using Guid(1037e3cf0dc55a54fb6095b7d4075f91) Importer(815301076,1909f56bfc062723c751e8b465ee728b)  -> (artifact id: '618c698344b1dcd756e6888880741ebb') in 0.010007 seconds
Number of updated asset objects reloaded before import = 0
Number of asset objects unloaded after import = 9
========================================================================
Received Import Request.
  Time since last request: 0.000016 seconds.
  path: Assets/Sci-Fi Styled Modular Pack/Models/decorative_half_wall_4_LOD1.fbx
  artifactKey: Guid(b57b8db81ab64b04c817c7c3feabc2a0) Importer(815301076,1909f56bfc062723c751e8b465ee728b)
Start importing Assets/Sci-Fi Styled Modular Pack/Models/decorative_half_wall_4_LOD1.fbx using Guid(b57b8db81ab64b04c817c7c3feabc2a0) Importer(815301076,1909f56bfc062723c751e8b465ee728b)  -> (artifact id: '396a99a5bf728afc3dad1dfd6b12bb32') in 0.012729 seconds
Number of updated asset objects reloaded before import = 0
Number of asset objects unloaded after import = 13
========================================================================
Received Import Request.
  Time since last request: 0.000015 seconds.
  path: Assets/Sci-Fi Styled Modular Pack/Models/decorative_half_wall_3_LOD1.fbx
  artifactKey: Guid(7cf879aac24523744a5b0aad3fea1dbf) Importer(815301076,1909f56bfc062723c751e8b465ee728b)
Start importing Assets/Sci-Fi Styled Modular Pack/Models/decorative_half_wall_3_LOD1.fbx using Guid(7cf879aac24523744a5b0aad3fea1dbf) Importer(815301076,1909f56bfc062723c751e8b465ee728b)  -> (artifact id: 'e8aac66846d3c3fad7f6b0a14ccfe7fd') in 0.020737 seconds
Number of updated asset objects reloaded before import = 0
Number of asset objects unloaded after import = 9
========================================================================
Received Import Request.
  Time since last request: 0.000014 seconds.
  path: Assets/Sci-Fi Styled Modular Pack/Models/decorative_pilow_LOD1.fbx
  artifactKey: Guid(a911bd7bc293fc8469a2680a5c3bf5fe) Importer(815301076,1909f56bfc062723c751e8b465ee728b)
Start importing Assets/Sci-Fi Styled Modular Pack/Models/decorative_pilow_LOD1.fbx using Guid(a911bd7bc293fc8469a2680a5c3bf5fe) Importer(815301076,1909f56bfc062723c751e8b465ee728b)  -> (artifact id: 'cc76f03c1234fa605d1a687ca37dcaa4') in 0.011226 seconds
Number of updated asset objects reloaded before import = 0
Number of asset objects unloaded after import = 9
========================================================================
Received Import Request.
  Time since last request: 0.000015 seconds.
  path: Assets/Sci-Fi Styled Modular Pack/Models/decorative_plant_desk.fbx
  artifactKey: Guid(3112b0e09a01a2f4abd3ff0277d70a78) Importer(815301076,1909f56bfc062723c751e8b465ee728b)
Start importing Assets/Sci-Fi Styled Modular Pack/Models/decorative_plant_desk.fbx using Guid(3112b0e09a01a2f4abd3ff0277d70a78) Importer(815301076,1909f56bfc062723c751e8b465ee728b)  -> (artifact id: '1e3971d9ac9e0792ba6f9e50e0c3b31c') in 0.015503 seconds
Number of updated asset objects reloaded before import = 0
Number of asset objects unloaded after import = 13
========================================================================
Received Import Request.
  Time since last request: 0.000013 seconds.
  path: Assets/Sci-Fi Styled Modular Pack/Models/bulletin_board_big.fbx
  artifactKey: Guid(ef8bfa582b4ce25439555bbe6679213a) Importer(815301076,1909f56bfc062723c751e8b465ee728b)
Start importing Assets/Sci-Fi Styled Modular Pack/Models/bulletin_board_big.fbx using Guid(ef8bfa582b4ce25439555bbe6679213a) Importer(815301076,1909f56bfc062723c751e8b465ee728b)  -> (artifact id: 'db2b2815f80bd214521baf5c3891185a') in 0.012534 seconds
Number of updated asset objects reloaded before import = 0
Number of asset objects unloaded after import = 9
========================================================================
Received Import Request.
  Time since last request: 0.000016 seconds.
  path: Assets/Sci-Fi Styled Modular Pack/Models/decorative_sofa_LOD0.fbx
  artifactKey: Guid(fb39861b198df51498e189d15f1ebc9c) Importer(815301076,1909f56bfc062723c751e8b465ee728b)
Start importing Assets/Sci-Fi Styled Modular Pack/Models/decorative_sofa_LOD0.fbx using Guid(fb39861b198df51498e189d15f1ebc9c) Importer(815301076,1909f56bfc062723c751e8b465ee728b)  -> (artifact id: 'e49108d19033c2c8933d8bc1d5a16b43') in 0.010533 seconds
Number of updated asset objects reloaded before import = 0
Number of asset objects unloaded after import = 9
========================================================================
Received Import Request.
  Time since last request: 0.000015 seconds.
  path: Assets/Sci-Fi Styled Modular Pack/Models/blank_wall_D.fbx
  artifactKey: Guid(f2542f8a4907dc24d9a2eea57712af9e) Importer(815301076,1909f56bfc062723c751e8b465ee728b)
Start importing Assets/Sci-Fi Styled Modular Pack/Models/blank_wall_D.fbx using Guid(f2542f8a4907dc24d9a2eea57712af9e) Importer(815301076,1909f56bfc062723c751e8b465ee728b)  -> (artifact id: '0051321f3c997d17905b6d22d4c923ec') in 0.010187 seconds
Number of updated asset objects reloaded before import = 0
Number of asset objects unloaded after import = 9
========================================================================
Received Import Request.
  Time since last request: 0.000016 seconds.
  path: Assets/Sci-Fi Styled Modular Pack/Models/decorative_half_wall_1_LOD1.fbx
  artifactKey: Guid(aa82f952555438f45a16e519c23f9b0f) Importer(815301076,1909f56bfc062723c751e8b465ee728b)
Start importing Assets/Sci-Fi Styled Modular Pack/Models/decorative_half_wall_1_LOD1.fbx using Guid(aa82f952555438f45a16e519c23f9b0f) Importer(815301076,1909f56bfc062723c751e8b465ee728b)  -> (artifact id: 'f2e0530cf345b67ab00a74102b3c28a2') in 0.012880 seconds
Number of updated asset objects reloaded before import = 0
Number of asset objects unloaded after import = 9
========================================================================
Received Import Request.
  Time since last request: 0.000017 seconds.
  path: Assets/Sci-Fi Styled Modular Pack/Models/column_kneel.fbx
  artifactKey: Guid(9eee1c765d8a58342beec1835ce7ce64) Importer(815301076,1909f56bfc062723c751e8b465ee728b)
Start importing Assets/Sci-Fi Styled Modular Pack/Models/column_kneel.fbx using Guid(9eee1c765d8a58342beec1835ce7ce64) Importer(815301076,1909f56bfc062723c751e8b465ee728b)  -> (artifact id: '6b429746e9dd27cb62f98fbdee6c30b9') in 0.009886 seconds
Number of updated asset objects reloaded before import = 0
Number of asset objects unloaded after import = 9
========================================================================
Received Import Request.
  Time since last request: 0.000015 seconds.
  path: Assets/Sci-Fi Styled Modular Pack/Models/decorative_table_glass_only_top.fbx
  artifactKey: Guid(ff8f8f75adfd48d4991367a973d14ad3) Importer(815301076,1909f56bfc062723c751e8b465ee728b)
Start importing Assets/Sci-Fi Styled Modular Pack/Models/decorative_table_glass_only_top.fbx using Guid(ff8f8f75adfd48d4991367a973d14ad3) Importer(815301076,1909f56bfc062723c751e8b465ee728b)  -> (artifact id: 'c707363cc8dc83e09969571691858d57') in 0.012985 seconds
Number of updated asset objects reloaded before import = 0
Number of asset objects unloaded after import = 11
========================================================================
Received Import Request.
  Time since last request: 0.000015 seconds.
  path: Assets/Sci-Fi Styled Modular Pack/Models/blank_wall_C.fbx
  artifactKey: Guid(1f977334a78ed00469d9a6558eecaa3f) Importer(815301076,1909f56bfc062723c751e8b465ee728b)
Start importing Assets/Sci-Fi Styled Modular Pack/Models/blank_wall_C.fbx using Guid(1f977334a78ed00469d9a6558eecaa3f) Importer(815301076,1909f56bfc062723c751e8b465ee728b)  -> (artifact id: '150087174482cd4ce122af1619d97aab') in 0.009607 seconds
Number of updated asset objects reloaded before import = 0
Number of asset objects unloaded after import = 9
========================================================================
Received Import Request.
  Time since last request: 0.000012 seconds.
  path: Assets/Sci-Fi Styled Modular Pack/Models/cabinet.fbx
  artifactKey: Guid(dd8d5ab829c8a6c48aafbfe7a869bb4b) Importer(815301076,1909f56bfc062723c751e8b465ee728b)
Start importing Assets/Sci-Fi Styled Modular Pack/Models/cabinet.fbx using Guid(dd8d5ab829c8a6c48aafbfe7a869bb4b) Importer(815301076,1909f56bfc062723c751e8b465ee728b)  -> (artifact id: 'c5a775f9768f5ecfeba5c109258467ad') in 0.014362 seconds
Number of updated asset objects reloaded before import = 0
Number of asset objects unloaded after import = 9
========================================================================
Received Import Request.
  Time since last request: 0.000013 seconds.
  path: Assets/Sci-Fi Styled Modular Pack/Models/column_middle.fbx
  artifactKey: Guid(6c1e1578589b5f84c82931f52c63f41d) Importer(815301076,1909f56bfc062723c751e8b465ee728b)
Start importing Assets/Sci-Fi Styled Modular Pack/Models/column_middle.fbx using Guid(6c1e1578589b5f84c82931f52c63f41d) Importer(815301076,1909f56bfc062723c751e8b465ee728b)  -> (artifact id: '3aa5e0552eca6e380bc89824b6446b28') in 0.009172 seconds
Number of updated asset objects reloaded before import = 0
Number of asset objects unloaded after import = 9
========================================================================
Received Import Request.
  Time since last request: 0.000015 seconds.
  path: Assets/Sci-Fi Styled Modular Pack/Models/bed.fbx
  artifactKey: Guid(9f483ba0e96f1414a84ea4b0fbc13414) Importer(815301076,1909f56bfc062723c751e8b465ee728b)
Start importing Assets/Sci-Fi Styled Modular Pack/Models/bed.fbx using Guid(9f483ba0e96f1414a84ea4b0fbc13414) Importer(815301076,1909f56bfc062723c751e8b465ee728b)  -> (artifact id: '584826a5c441996b367cb835808ae785') in 0.029817 seconds
Number of updated asset objects reloaded before import = 0
Number of asset objects unloaded after import = 9
========================================================================
Received Import Request.
  Time since last request: 0.000017 seconds.
  path: Assets/Sci-Fi Styled Modular Pack/Models/decorative_half_wall_4_LOD0.fbx
  artifactKey: Guid(8cfadfd6f24381943ba7c84b556d77c5) Importer(815301076,1909f56bfc062723c751e8b465ee728b)
Start importing Assets/Sci-Fi Styled Modular Pack/Models/decorative_half_wall_4_LOD0.fbx using Guid(8cfadfd6f24381943ba7c84b556d77c5) Importer(815301076,1909f56bfc062723c751e8b465ee728b)  -> (artifact id: '7dd392d9f6a3663b07bfbe3dcec23f40') in 0.014162 seconds
Number of updated asset objects reloaded before import = 0
Number of asset objects unloaded after import = 13
========================================================================
Received Import Request.
  Time since last request: 0.000024 seconds.
  path: Assets/Sci-Fi Styled Modular Pack/Models/Cylinder_16_extended.fbx
  artifactKey: Guid(d62ba206d6f3125429f5213d81c32eb0) Importer(815301076,1909f56bfc062723c751e8b465ee728b)
Start importing Assets/Sci-Fi Styled Modular Pack/Models/Cylinder_16_extended.fbx using Guid(d62ba206d6f3125429f5213d81c32eb0) Importer(815301076,1909f56bfc062723c751e8b465ee728b)  -> (artifact id: '9660f9b2dd4f6ef96682f43b51cff9c0') in 0.010640 seconds
Number of updated asset objects reloaded before import = 0
Number of asset objects unloaded after import = 9
========================================================================
Received Import Request.
  Time since last request: 0.000012 seconds.
  path: Assets/Sci-Fi Styled Modular Pack/Models/decorative_half_wall_2_LOD1.fbx
  artifactKey: Guid(763877bc2c66e6641ad695116685b5a8) Importer(815301076,1909f56bfc062723c751e8b465ee728b)
Start importing Assets/Sci-Fi Styled Modular Pack/Models/decorative_half_wall_2_LOD1.fbx using Guid(763877bc2c66e6641ad695116685b5a8) Importer(815301076,1909f56bfc062723c751e8b465ee728b)  -> (artifact id: 'a6e170283f3c847d3be8d48edeab185f') in 0.010119 seconds
Number of updated asset objects reloaded before import = 0
Number of asset objects unloaded after import = 9
========================================================================
Received Import Request.
  Time since last request: 0.000016 seconds.
  path: Assets/Sci-Fi Styled Modular Pack/Models/decorative_table_glass.fbx
  artifactKey: Guid(e022ff0c9dac29d48a070accea073e45) Importer(815301076,1909f56bfc062723c751e8b465ee728b)
Start importing Assets/Sci-Fi Styled Modular Pack/Models/decorative_table_glass.fbx using Guid(e022ff0c9dac29d48a070accea073e45) Importer(815301076,1909f56bfc062723c751e8b465ee728b)  -> (artifact id: '2c8134bbfe0dd7dd64d127714b963102') in 0.012145 seconds
Number of updated asset objects reloaded before import = 0
Number of asset objects unloaded after import = 11
========================================================================
Received Import Request.
  Time since last request: 21.258923 seconds.
  path: Assets/Sorin Models/Earth
  artifactKey: Guid(73c56ae5cbd9d07419653bab221717c9) Importer(815301076,1909f56bfc062723c751e8b465ee728b)
Start importing Assets/Sorin Models/Earth using Guid(73c56ae5cbd9d07419653bab221717c9) Importer(815301076,1909f56bfc062723c751e8b465ee728b)  -> (artifact id: '629500271b2771ddd0ddc84eb4277008') in 0.000453 seconds
Number of updated asset objects reloaded before import = 0
Number of asset objects unloaded after import = 0
========================================================================
Received Import Request.
  Time since last request: 1.389827 seconds.
  path: Assets/Sorin Models/Moon
  artifactKey: Guid(4b65c0fdf8bf3d243b7f2d7ae367a3a4) Importer(815301076,1909f56bfc062723c751e8b465ee728b)
Start importing Assets/Sorin Models/Moon using Guid(4b65c0fdf8bf3d243b7f2d7ae367a3a4) Importer(815301076,1909f56bfc062723c751e8b465ee728b)  -> (artifact id: '0fb85ced626109e0c4e8451ee64189d4') in 0.000561 seconds
Number of updated asset objects reloaded before import = 0
Number of asset objects unloaded after import = 0
========================================================================
Received Import Request.
  Time since last request: 0.053843 seconds.
  path: Assets/Sorin Models/Moon/Moon.prefab
  artifactKey: Guid(b445e1b7769f99546875e4168c1b0e7b) Importer(815301076,1909f56bfc062723c751e8b465ee728b)
Start importing Assets/Sorin Models/Moon/Moon.prefab using Guid(b445e1b7769f99546875e4168c1b0e7b) Importer(815301076,1909f56bfc062723c751e8b465ee728b)  -> (artifact id: '69be0ac1b3f655b3aeceec98dddeac3c') in 0.012171 seconds
Number of updated asset objects reloaded before import = 0
Number of asset objects unloaded after import = 17
========================================================================
Received Import Request.
  Time since last request: 10.907176 seconds.
  path: Assets/Sorin Models/Moon/Materials
  artifactKey: Guid(2c57971f92018ff42b8197f181c09ce2) Importer(815301076,1909f56bfc062723c751e8b465ee728b)
Start importing Assets/Sorin Models/Moon/Materials using Guid(2c57971f92018ff42b8197f181c09ce2) Importer(815301076,1909f56bfc062723c751e8b465ee728b)  -> (artifact id: '84cd09e2eb73dbb38bf46939a3f501b0') in 0.000432 seconds
Number of updated asset objects reloaded before import = 0
Number of asset objects unloaded after import = 0
========================================================================
Received Import Request.
  Time since last request: 1.623045 seconds.
  path: Assets/Sorin Models/Earth/Earth.prefab
  artifactKey: Guid(1b9797163ee102643b27d802459af021) Importer(815301076,1909f56bfc062723c751e8b465ee728b)
Start importing Assets/Sorin Models/Earth/Earth.prefab using Guid(1b9797163ee102643b27d802459af021) Importer(815301076,1909f56bfc062723c751e8b465ee728b)  -> (artifact id: '54960a060937f36b76ec086acd723210') in 0.018426 seconds
Number of updated asset objects reloaded before import = 0
Number of asset objects unloaded after import = 17
========================================================================
Received Import Request.
  Time since last request: 6.413076 seconds.
  path: Assets/Sorin Models/Earth/Materials
  artifactKey: Guid(628a1c47f99552e4c889ed980b26af3d) Importer(815301076,1909f56bfc062723c751e8b465ee728b)
Start importing Assets/Sorin Models/Earth/Materials using Guid(628a1c47f99552e4c889ed980b26af3d) Importer(815301076,1909f56bfc062723c751e8b465ee728b)  -> (artifact id: 'a5d29e4f816ef24e71e7f57b6973a22f') in 0.000452 seconds
Number of updated asset objects reloaded before import = 0
Number of asset objects unloaded after import = 0
========================================================================
Received Import Request.
  Time since last request: 17.583184 seconds.
  path: Assets/Sorin Models/Sun/Sun Obj.fbx
  artifactKey: Guid(72452b924f66a994cbe4973b0ab62669) Importer(815301076,1909f56bfc062723c751e8b465ee728b)
Start importing Assets/Sorin Models/Sun/Sun Obj.fbx using Guid(72452b924f66a994cbe4973b0ab62669) Importer(815301076,1909f56bfc062723c751e8b465ee728b)  -> (artifact id: '368ce5d0619c9660d95dcccb056484a7') in 0.022094 seconds
Number of updated asset objects reloaded before import = 0
Number of asset objects unloaded after import = 9
========================================================================
Received Import Request.
  Time since last request: 22.014353 seconds.
  path: Assets/Sci-Fi Styled Modular Pack/Models/Palletes/iron man color.mat
  artifactKey: Guid(66fe1a0e0becc6f4bbc49896f2111756) Importer(815301076,1909f56bfc062723c751e8b465ee728b)
Start importing Assets/Sci-Fi Styled Modular Pack/Models/Palletes/iron man color.mat using Guid(66fe1a0e0becc6f4bbc49896f2111756) Importer(815301076,1909f56bfc062723c751e8b465ee728b)  -> (artifact id: 'cf95ac42c05ede7d79d92370c9baa70a') in 0.013832 seconds
Number of updated asset objects reloaded before import = 0
Number of asset objects unloaded after import = 4
========================================================================
Received Import Request.
  Time since last request: 13.209265 seconds.
  path: Assets/Sci-Fi Styled Modular Pack/Models/Palletes/dark color.mat
  artifactKey: Guid(14e5822a3f4e21e4d9ef3d687fe27b01) Importer(815301076,1909f56bfc062723c751e8b465ee728b)
Start importing Assets/Sci-Fi Styled Modular Pack/Models/Palletes/dark color.mat using Guid(14e5822a3f4e21e4d9ef3d687fe27b01) Importer(815301076,1909f56bfc062723c751e8b465ee728b)  -> (artifact id: 'b189509f01746aa30bd18dcb94b3987d') in 0.014519 seconds
Number of updated asset objects reloaded before import = 0
Number of asset objects unloaded after import = 4
========================================================================
Received Import Request.
  Time since last request: 0.026112 seconds.
  path: Assets/Sci-Fi Styled Modular Pack/Models/Palletes/blue color.mat
  artifactKey: Guid(bb0ea486e3a8ea846993232a228b528a) Importer(815301076,1909f56bfc062723c751e8b465ee728b)
Start importing Assets/Sci-Fi Styled Modular Pack/Models/Palletes/blue color.mat using Guid(bb0ea486e3a8ea846993232a228b528a) Importer(815301076,1909f56bfc062723c751e8b465ee728b)  -> (artifact id: '1240e739e9c19576ae339a5db607047d') in 0.011204 seconds
Number of updated asset objects reloaded before import = 0
Number of asset objects unloaded after import = 3
========================================================================
Received Import Request.
  Time since last request: 0.270419 seconds.
  path: Assets/Sci-Fi Styled Modular Pack/Models/Materials/base color.mat
  artifactKey: Guid(1cf3cfed14637cd42a0ad3f801ebdb71) Importer(815301076,1909f56bfc062723c751e8b465ee728b)
Start importing Assets/Sci-Fi Styled Modular Pack/Models/Materials/base color.mat using Guid(1cf3cfed14637cd42a0ad3f801ebdb71) Importer(815301076,1909f56bfc062723c751e8b465ee728b)  -> (artifact id: '0d278b6f8b31892fbb8d7bedbe233116') in 0.011896 seconds
Number of updated asset objects reloaded before import = 0
Number of asset objects unloaded after import = 2
========================================================================
Received Import Request.
  Time since last request: 92.185377 seconds.
  path: Assets/Sorin Models/Moon/Moon.prefab
  artifactKey: Guid(b445e1b7769f99546875e4168c1b0e7b) Importer(815301076,1909f56bfc062723c751e8b465ee728b)
Start importing Assets/Sorin Models/Moon/Moon.prefab using Guid(b445e1b7769f99546875e4168c1b0e7b) Importer(815301076,1909f56bfc062723c751e8b465ee728b)  -> (artifact id: '454baffef4a5bfce50f6ff21e189b484') in 0.008475 seconds
Number of updated asset objects reloaded before import = 0
Number of asset objects unloaded after import = 17
========================================================================
Received Import Request.
  Time since last request: 8.663421 seconds.
  path: Assets/Sorin Models/Earth/Earth.prefab
  artifactKey: Guid(1b9797163ee102643b27d802459af021) Importer(815301076,1909f56bfc062723c751e8b465ee728b)
Start importing Assets/Sorin Models/Earth/Earth.prefab using Guid(1b9797163ee102643b27d802459af021) Importer(815301076,1909f56bfc062723c751e8b465ee728b)  -> (artifact id: '439946733ebdc2abc377479eb033a469') in 0.010329 seconds
Number of updated asset objects reloaded before import = 0
Number of asset objects unloaded after import = 17
